<?xml version="1.0" encoding="UTF-8"?>
<testsuite name="PracticeFormTest" tests="1" skipped="0" failures="0" errors="0" timestamp="2023-07-19T14:30:31" hostname="WIN-2IIN7F880J6" time="9.199">
  <properties/>
  <testcase name="fillFormTest()" classname="PracticeFormTest" time="9.199"/>
  <system-out><![CDATA[]]></system-out>
  <system-err><![CDATA[SLF4J: No SLF4J providers were found.
SLF4J: Defaulting to no-operation (NOP) logger implementation
SLF4J: See https://www.slf4j.org/codes.html#noProviders for further details.
июл. 19, 2023 5:30:33 PM org.openqa.selenium.remote.service.DriverService$Builder getLogOutput
INFO: Driver logs no longer sent to console by default; https://www.selenium.dev/documentation/webdriver/drivers/service/#setting-log-output
]]></system-err>
</testsuite>
